|--- feature_0 <= -66.01
|   |--- feature_1 <= -26.91
|   |   |--- class: 0
|   |--- feature_1 >  -26.91
|   |   |--- class: 1
|--- feature_0 >  -66.01
|   |--- feature_1 <= 16.17
|   |   |--- feature_0 <= 16.56
|   |   |   |--- feature_1 <= -31.99
|   |   |   |   |--- feature_0 <= 0.55
|   |   |   |   |   |--- feature_0 <= -13.33
|   |   |   |   |   |   |--- feature_1 <= -40.13
|   |   |   |   |   |   |   |--- feature_0 <= -21.07
|   |   |   |   |   |   |   |   |--- class: 0
|   |   |   |   |   |   |   |--- feature_0 >  -21.07
|   |   |   |   |   |   |   |   |--- feature_0 <= -20.99
|   |   |   |   |   |   |   |   |   |--- class: 1
|   |   |   |   |   |   |   |   |--- feature_0 >  -20.99
|   |   |   |   |   |   |   |   |   |--- feature_0 <= -19.23
|   |   |   |   |   |   |   |   |   |   |--- feature_0 <= -19.36
|   |   |   |   |   |   |   |   |   |   |   |--- class: 0
|   |   |   |   |   |   |   |   |   |   |--- feature_0 >  -19.36
|   |   |   |   |   |   |   |   |   |   |   |--- class: 1
|   |   |   |   |   |   |   |   |   |--- feature_0 >  -19.23
|   |   |   |   |   |   |   |   |   |   |--- class: 0
|   |   |   |   |   |   |--- feature_1 >  -40.13
|   |   |   |   |   |   |   |--- feature_1 <= -39.78
|   |   |   |   |   |   |   |   |--- class: 1
|   |   |   |   |   |   |   |--- feature_1 >  -39.78
|   |   |   |   |   |   |   |   |--- feature_0 <= -23.11
|   |   |   |   |   |   |   |   |   |--- feature_0 <= -24.11
|   |   |   |   |   |   |   |   |   |   |--- feature_0 <= -34.45
|   |   |   |   |   |   |   |   |   |   |   |--- class: 0
|   |   |   |   |   |   |   |   |   |   |--- feature_0 >  -34.45
|   |   |   |   |   |   |   |   |   |   |   |--- truncated branch of depth 2
|   |   |   |   |   |   |   |   |   |--- feature_0 >  -24.11
|   |   |   |   |   |   |   |   |   |   |--- class: 1
|   |   |   |   |   |   |   |   |--- feature_0 >  -23.11
|   |   |   |   |   |   |   |   |   |--- class: 0
|   |   |   |   |   |--- feature_0 >  -13.33
|   |   |   |   |   |   |--- feature_1 <= -39.49
|   |   |   |   |   |   |   |--- feature_1 <= -51.30
|   |   |   |   |   |   |   |   |--- feature_0 <= -3.33
|   |   |   |   |   |   |   |   |   |--- class: 0
|   |   |   |   |   |   |   |   |--- feature_0 >  -3.33
|   |   |   |   |   |   |   |   |   |--- feature_0 <= -2.91
|   |   |   |   |   |   |   |   |   |   |--- class: 1
|   |   |   |   |   |   |   |   |   |--- feature_0 >  -2.91
|   |   |   |   |   |   |   |   |   |   |--- class: 0
|   |   |   |   |   |   |   |--- feature_1 >  -51.30
|   |   |   |   |   |   |   |   |--- feature_1 <= -45.15
|   |   |   |   |   |   |   |   |   |--- class: 1
|   |   |   |   |   |   |   |   |--- feature_1 >  -45.15
|   |   |   |   |   |   |   |   |   |--- feature_1 <= -41.78
|   |   |   |   |   |   |   |   |   |   |--- class: 0
|   |   |   |   |   |   |   |   |   |--- feature_1 >  -41.78
|   |   |   |   |   |   |   |   |   |   |--- feature_0 <= -5.89
|   |   |   |   |   |   |   |   |   |   |   |--- class: 1
|   |   |   |   |   |   |   |   |   |   |--- feature_0 >  -5.89
|   |   |   |   |   |   |   |   |   |   |   |--- class: 0
|   |   |   |   |   |   |--- feature_1 >  -39.49
|   |   |   |   |   |   |   |--- feature_0 <= -11.67
|   |   |   |   |   |   |   |   |--- feature_1 <= -34.59
|   |   |   |   |   |   |   |   |   |--- class: 0
|   |   |   |   |   |   |   |   |--- feature_1 >  -34.59
|   |   |   |   |   |   |   |   |   |--- class: 1
|   |   |   |   |   |   |   |--- feature_0 >  -11.67
|   |   |   |   |   |   |   |   |--- class: 0
|   |   |   |   |--- feature_0 >  0.55
|   |   |   |   |   |--- feature_0 <= 15.13
|   |   |   |   |   |   |--- feature_1 <= -32.79
|   |   |   |   |   |   |   |--- feature_0 <= 10.42
|   |   |   |   |   |   |   |   |--- feature_0 <= 9.92
|   |   |   |   |   |   |   |   |   |--- feature_1 <= -54.71
|   |   |   |   |   |   |   |   |   |   |--- feature_1 <= -73.24
|   |   |   |   |   |   |   |   |   |   |   |--- class: 1
|   |   |   |   |   |   |   |   |   |   |--- feature_1 >  -73.24
|   |   |   |   |   |   |   |   |   |   |   |--- class: 0
|   |   |   |   |   |   |   |   |   |--- feature_1 >  -54.71
|   |   |   |   |   |   |   |   |   |   |--- class: 1
|   |   |   |   |   |   |   |   |--- feature_0 >  9.92
|   |   |   |   |   |   |   |   |   |--- class: 0
|   |   |   |   |   |   |   |--- feature_0 >  10.42
|   |   |   |   |   |   |   |   |--- class: 1
|   |   |   |   |   |   |--- feature_1 >  -32.79
|   |   |   |   |   |   |   |--- class: 0
|   |   |   |   |   |--- feature_0 >  15.13
|   |   |   |   |   |   |--- class: 0
|   |   |   |--- feature_1 >  -31.99
|   |   |   |   |--- feature_0 <= 2.07
|   |   |   |   |   |--- feature_1 <= -3.24
|   |   |   |   |   |   |--- feature_0 <= -5.31
|   |   |   |   |   |   |   |--- feature_0 <= -29.84
|   |   |   |   |   |   |   |   |--- feature_1 <= -22.11
|   |   |   |   |   |   |   |   |   |--- feature_1 <= -27.31
|   |   |   |   |   |   |   |   |   |   |--- class: 1
|   |   |   |   |   |   |   |   |   |--- feature_1 >  -27.31
|   |   |   |   |   |   |   |   |   |   |--- class: 0
|   |   |   |   |   |   |   |   |--- feature_1 >  -22.11
|   |   |   |   |   |   |   |   |   |--- feature_1 <= -13.70
|   |   |   |   |   |   |   |   |   |   |--- feature_1 <= -14.47
|   |   |   |   |   |   |   |   |   |   |   |--- class: 1
|   |   |   |   |   |   |   |   |   |   |--- feature_1 >  -14.47
|   |   |   |   |   |   |   |   |   |   |   |--- class: 0
|   |   |   |   |   |   |   |   |   |--- feature_1 >  -13.70
|   |   |   |   |   |   |   |   |   |   |--- class: 1
|   |   |   |   |   |   |   |--- feature_0 >  -29.84
|   |   |   |   |   |   |   |   |--- feature_1 <= -28.50
|   |   |   |   |   |   |   |   |   |--- feature_1 <= -31.13
|   |   |   |   |   |   |   |   |   |   |--- class: 1
|   |   |   |   |   |   |   |   |   |--- feature_1 >  -31.13
|   |   |   |   |   |   |   |   |   |   |--- class: 0
|   |   |   |   |   |   |   |   |--- feature_1 >  -28.50
|   |   |   |   |   |   |   |   |   |--- feature_1 <= -11.11
|   |   |   |   |   |   |   |   |   |   |--- feature_0 <= -8.78
|   |   |   |   |   |   |   |   |   |   |   |--- truncated branch of depth 7
|   |   |   |   |   |   |   |   |   |   |--- feature_0 >  -8.78
|   |   |   |   |   |   |   |   |   |   |   |--- class: 1
|   |   |   |   |   |   |   |   |   |--- feature_1 >  -11.11
|   |   |   |   |   |   |   |   |   |   |--- feature_0 <= -20.87
|   |   |   |   |   |   |   |   |   |   |   |--- truncated branch of depth 2
|   |   |   |   |   |   |   |   |   |   |--- feature_0 >  -20.87
|   |   |   |   |   |   |   |   |   |   |   |--- class: 0
|   |   |   |   |   |   |--- feature_0 >  -5.31
|   |   |   |   |   |   |   |--- feature_0 <= -2.00
|   |   |   |   |   |   |   |   |--- class: 1
|   |   |   |   |   |   |   |--- feature_0 >  -2.00
|   |   |   |   |   |   |   |   |--- feature_0 <= -0.48
|   |   |   |   |   |   |   |   |   |--- class: 0
|   |   |   |   |   |   |   |   |--- feature_0 >  -0.48
|   |   |   |   |   |   |   |   |   |--- class: 1
|   |   |   |   |   |--- feature_1 >  -3.24
|   |   |   |   |   |   |--- feature_0 <= -6.87
|   |   |   |   |   |   |   |--- feature_0 <= -25.59
|   |   |   |   |   |   |   |   |--- class: 1
|   |   |   |   |   |   |   |--- feature_0 >  -25.59
|   |   |   |   |   |   |   |   |--- feature_0 <= -24.16
|   |   |   |   |   |   |   |   |   |--- class: 0
|   |   |   |   |   |   |   |   |--- feature_0 >  -24.16
|   |   |   |   |   |   |   |   |   |--- class: 1
|   |   |   |   |   |   |--- feature_0 >  -6.87
|   |   |   |   |   |   |   |--- feature_1 <= 7.34
|   |   |   |   |   |   |   |   |--- feature_1 <= -2.32
|   |   |   |   |   |   |   |   |   |--- class: 1
|   |   |   |   |   |   |   |   |--- feature_1 >  -2.32
|   |   |   |   |   |   |   |   |   |--- feature_1 <= -0.89
|   |   |   |   |   |   |   |   |   |   |--- class: 0
|   |   |   |   |   |   |   |   |   |--- feature_1 >  -0.89
|   |   |   |   |   |   |   |   |   |   |--- feature_0 <= -4.77
|   |   |   |   |   |   |   |   |   |   |   |--- class: 1
|   |   |   |   |   |   |   |   |   |   |--- feature_0 >  -4.77
|   |   |   |   |   |   |   |   |   |   |   |--- truncated branch of depth 3
|   |   |   |   |   |   |   |--- feature_1 >  7.34
|   |   |   |   |   |   |   |   |--- class: 1
|   |   |   |   |--- feature_0 >  2.07
|   |   |   |   |   |--- feature_1 <= -21.52
|   |   |   |   |   |   |--- feature_1 <= -25.52
|   |   |   |   |   |   |   |--- feature_0 <= 10.18
|   |   |   |   |   |   |   |   |--- class: 0
|   |   |   |   |   |   |   |--- feature_0 >  10.18
|   |   |   |   |   |   |   |   |--- class: 1
|   |   |   |   |   |   |--- feature_1 >  -25.52
|   |   |   |   |   |   |   |--- class: 1
|   |   |   |   |   |--- feature_1 >  -21.52
|   |   |   |   |   |   |--- feature_0 <= 13.28
|   |   |   |   |   |   |   |--- feature_1 <= -0.24
|   |   |   |   |   |   |   |   |--- feature_1 <= -13.57
|   |   |   |   |   |   |   |   |   |--- feature_0 <= 4.06
|   |   |   |   |   |   |   |   |   |   |--- class: 0
|   |   |   |   |   |   |   |   |   |--- feature_0 >  4.06
|   |   |   |   |   |   |   |   |   |   |--- feature_0 <= 7.13
|   |   |   |   |   |   |   |   |   |   |   |--- class: 1
|   |   |   |   |   |   |   |   |   |   |--- feature_0 >  7.13
|   |   |   |   |   |   |   |   |   |   |   |--- truncated branch of depth 3
|   |   |   |   |   |   |   |   |--- feature_1 >  -13.57
|   |   |   |   |   |   |   |   |   |--- class: 0
|   |   |   |   |   |   |   |--- feature_1 >  -0.24
|   |   |   |   |   |   |   |   |--- feature_1 <= 3.68
|   |   |   |   |   |   |   |   |   |--- class: 1
|   |   |   |   |   |   |   |   |--- feature_1 >  3.68
|   |   |   |   |   |   |   |   |   |--- feature_0 <= 4.58
|   |   |   |   |   |   |   |   |   |   |--- class: 1
|   |   |   |   |   |   |   |   |   |--- feature_0 >  4.58
|   |   |   |   |   |   |   |   |   |   |--- feature_1 <= 6.94
|   |   |   |   |   |   |   |   |   |   |   |--- truncated branch of depth 2
|   |   |   |   |   |   |   |   |   |   |--- feature_1 >  6.94
|   |   |   |   |   |   |   |   |   |   |   |--- class: 0
|   |   |   |   |   |   |--- feature_0 >  13.28
|   |   |   |   |   |   |   |--- class: 0
|   |   |--- feature_0 >  16.56
|   |   |   |--- feature_1 <= -16.40
|   |   |   |   |--- feature_1 <= -39.18
|   |   |   |   |   |--- class: 1
|   |   |   |   |--- feature_1 >  -39.18
|   |   |   |   |   |--- feature_1 <= -38.86
|   |   |   |   |   |   |--- class: 0
|   |   |   |   |   |--- feature_1 >  -38.86
|   |   |   |   |   |   |--- feature_0 <= 20.99
|   |   |   |   |   |   |   |--- feature_1 <= -25.62
|   |   |   |   |   |   |   |   |--- feature_1 <= -33.37
|   |   |   |   |   |   |   |   |   |--- class: 0
|   |   |   |   |   |   |   |   |--- feature_1 >  -33.37
|   |   |   |   |   |   |   |   |   |--- feature_0 <= 18.97
|   |   |   |   |   |   |   |   |   |   |--- class: 0
|   |   |   |   |   |   |   |   |   |--- feature_0 >  18.97
|   |   |   |   |   |   |   |   |   |   |--- class: 1
|   |   |   |   |   |   |   |--- feature_1 >  -25.62
|   |   |   |   |   |   |   |   |--- class: 1
|   |   |   |   |   |   |--- feature_0 >  20.99
|   |   |   |   |   |   |   |--- feature_1 <= -32.34
|   |   |   |   |   |   |   |   |--- class: 1
|   |   |   |   |   |   |   |--- feature_1 >  -32.34
|   |   |   |   |   |   |   |   |--- feature_1 <= -30.32
|   |   |   |   |   |   |   |   |   |--- feature_0 <= 26.18
|   |   |   |   |   |   |   |   |   |   |--- class: 1
|   |   |   |   |   |   |   |   |   |--- feature_0 >  26.18
|   |   |   |   |   |   |   |   |   |   |--- class: 0
|   |   |   |   |   |   |   |   |--- feature_1 >  -30.32
|   |   |   |   |   |   |   |   |   |--- class: 1
|   |   |   |--- feature_1 >  -16.40
|   |   |   |   |--- feature_1 <= -1.26
|   |   |   |   |   |--- feature_1 <= -10.83
|   |   |   |   |   |   |--- feature_0 <= 24.63
|   |   |   |   |   |   |   |--- class: 0
|   |   |   |   |   |   |--- feature_0 >  24.63
|   |   |   |   |   |   |   |--- feature_0 <= 34.75
|   |   |   |   |   |   |   |   |--- class: 1
|   |   |   |   |   |   |   |--- feature_0 >  34.75
|   |   |   |   |   |   |   |   |--- class: 0
|   |   |   |   |   |--- feature_1 >  -10.83
|   |   |   |   |   |   |--- feature_0 <= 31.11
|   |   |   |   |   |   |   |--- feature_0 <= 21.66
|   |   |   |   |   |   |   |   |--- feature_1 <= -4.64
|   |   |   |   |   |   |   |   |   |--- class: 0
|   |   |   |   |   |   |   |   |--- feature_1 >  -4.64
|   |   |   |   |   |   |   |   |   |--- class: 1
|   |   |   |   |   |   |   |--- feature_0 >  21.66
|   |   |   |   |   |   |   |   |--- class: 1
|   |   |   |   |   |   |--- feature_0 >  31.11
|   |   |   |   |   |   |   |--- feature_1 <= -6.68
|   |   |   |   |   |   |   |   |--- class: 1
|   |   |   |   |   |   |   |--- feature_1 >  -6.68
|   |   |   |   |   |   |   |   |--- class: 0
|   |   |   |   |--- feature_1 >  -1.26
|   |   |   |   |   |--- feature_1 <= 0.81
|   |   |   |   |   |   |--- feature_1 <= 0.01
|   |   |   |   |   |   |   |--- class: 0
|   |   |   |   |   |   |--- feature_1 >  0.01
|   |   |   |   |   |   |   |--- class: 1
|   |   |   |   |   |--- feature_1 >  0.81
|   |   |   |   |   |   |--- class: 0
|   |--- feature_1 >  16.17
|   |   |--- feature_0 <= 1.65
|   |   |   |--- feature_0 <= -6.92
|   |   |   |   |--- feature_0 <= -23.08
|   |   |   |   |   |--- class: 1
|   |   |   |   |--- feature_0 >  -23.08
|   |   |   |   |   |--- feature_0 <= -22.64
|   |   |   |   |   |   |--- class: 0
|   |   |   |   |   |--- feature_0 >  -22.64
|   |   |   |   |   |   |--- class: 1
|   |   |   |--- feature_0 >  -6.92
|   |   |   |   |--- feature_0 <= -4.15
|   |   |   |   |   |--- class: 0
|   |   |   |   |--- feature_0 >  -4.15
|   |   |   |   |   |--- class: 1
|   |   |--- feature_0 >  1.65
|   |   |   |--- feature_0 <= 6.99
|   |   |   |   |--- feature_0 <= 6.29
|   |   |   |   |   |--- feature_1 <= 22.21
|   |   |   |   |   |   |--- class: 0
|   |   |   |   |   |--- feature_1 >  22.21
|   |   |   |   |   |   |--- feature_1 <= 23.61
|   |   |   |   |   |   |   |--- class: 1
|   |   |   |   |   |   |--- feature_1 >  23.61
|   |   |   |   |   |   |   |--- class: 0
|   |   |   |   |--- feature_0 >  6.29
|   |   |   |   |   |--- class: 1
|   |   |   |--- feature_0 >  6.99
|   |   |   |   |--- feature_0 <= 21.53
|   |   |   |   |   |--- feature_0 <= 20.37
|   |   |   |   |   |   |--- class: 0
|   |   |   |   |   |--- feature_0 >  20.37
|   |   |   |   |   |   |--- feature_0 <= 20.74
|   |   |   |   |   |   |   |--- class: 1
|   |   |   |   |   |   |--- feature_0 >  20.74
|   |   |   |   |   |   |   |--- feature_0 <= 21.17
|   |   |   |   |   |   |   |   |--- class: 0
|   |   |   |   |   |   |   |--- feature_0 >  21.17
|   |   |   |   |   |   |   |   |--- class: 1
|   |   |   |   |--- feature_0 >  21.53
|   |   |   |   |   |--- class: 0
